Determining if the pthread_create exist failed with the following output:
Change Dir: /home/viki/Desktop/Workspace/cpp-boilerplate/build/CMakeFiles/CMakeTmp

Run Build Command:"/usr/bin/make" "cmTC_62945/fast"
/usr/bin/make -f CMakeFiles/cmTC_62945.dir/build.make CMakeFiles/cmTC_62945.dir/build
make[1]: Entering directory '/home/viki/Desktop/Workspace/cpp-boilerplate/build/CMakeFiles/CMakeTmp'
Building C object CMakeFiles/cmTC_62945.dir/CheckSymbolExists.c.o
/usr/bin/cc     -o CMakeFiles/cmTC_62945.dir/CheckSymbolExists.c.o   -c /home/viki/Desktop/Workspace/cpp-boilerplate/build/CMakeFiles/CMakeTmp/CheckSymbolExists.c
Linking C executable cmTC_62945
/usr/bin/cmake -E cmake_link_script CMakeFiles/cmTC_62945.dir/link.txt --verbose=1
/usr/bin/cc       CMakeFiles/cmTC_62945.dir/CheckSymbolExists.c.o  -o cmTC_62945 -rdynamic 
CMakeFiles/cmTC_62945.dir/CheckSymbolExists.c.o: In function `main':
CheckSymbolExists.c:(.text+0x16): undefined reference to `pthread_create'
collect2: error: ld returned 1 exit status
CMakeFiles/cmTC_62945.dir/build.make:97: recipe for target 'cmTC_62945' failed
make[1]: *** [cmTC_62945] Error 1
make[1]: Leaving directory '/home/viki/Desktop/Workspace/cpp-boilerplate/build/CMakeFiles/CMakeTmp'
Makefile:126: recipe for target 'cmTC_62945/fast' failed
make: *** [cmTC_62945/fast] Error 2

File /home/viki/Desktop/Workspace/cpp-boilerplate/build/CMakeFiles/CMakeTmp/CheckSymbolExists.c:
/* */
#include <pthread.h>

int main(int argc, char** argv)
{
  (void)argv;
#ifndef pthread_create
  return ((int*)(&pthread_create))[argc];
#else
  (void)argc;
  return 0;
#endif
}

Determining if the function pthread_create exists in the pthreads failed with the following output:
Change Dir: /home/viki/Desktop/Workspace/cpp-boilerplate/build/CMakeFiles/CMakeTmp

Run Build Command:"/usr/bin/make" "cmTC_28d69/fast"
/usr/bin/make -f CMakeFiles/cmTC_28d69.dir/build.make CMakeFiles/cmTC_28d69.dir/build
make[1]: Entering directory '/home/viki/Desktop/Workspace/cpp-boilerplate/build/CMakeFiles/CMakeTmp'
Building C object CMakeFiles/cmTC_28d69.dir/CheckFunctionExists.c.o
/usr/bin/cc    -DCHECK_FUNCTION_EXISTS=pthread_create   -o CMakeFiles/cmTC_28d69.dir/CheckFunctionExists.c.o   -c /usr/share/cmake-3.5/Modules/CheckFunctionExists.c
Linking C executable cmTC_28d69
/usr/bin/cmake -E cmake_link_script CMakeFiles/cmTC_28d69.dir/link.txt --verbose=1
/usr/bin/cc   -DCHECK_FUNCTION_EXISTS=pthread_create    CMakeFiles/cmTC_28d69.dir/CheckFunctionExists.c.o  -o cmTC_28d69 -rdynamic -lpthreads 
/usr/bin/ld: cannot find -lpthreads
collect2: error: ld returned 1 exit status
CMakeFiles/cmTC_28d69.dir/build.make:97: recipe for target 'cmTC_28d69' failed
make[1]: *** [cmTC_28d69] Error 1
make[1]: Leaving directory '/home/viki/Desktop/Workspace/cpp-boilerplate/build/CMakeFiles/CMakeTmp'
Makefile:126: recipe for target 'cmTC_28d69/fast' failed
make: *** [cmTC_28d69/fast] Error 2


